<?xml version="1.0" encoding="UTF-8"?>
<testng-results ignored="0" total="4" passed="4" failed="0" skipped="0">
  <reporter-output>
  </reporter-output>
  <suite started-at="2024-06-02T12:55:17 IST" name="Default suite" finished-at="2024-06-02T12:56:29 IST" duration-ms="72841">
    <groups>
      <group name="cucumber">
        <method signature="AbstractTestNGCucumberTests.runScenario(io.cucumber.testng.PickleWrapper,io.cucumber.testng.FeatureWrapper)[pri:0, instance:TestNGRunner.TestngRunner@7f3b84b8]" name="runScenario" class="io.cucumber.testng.AbstractTestNGCucumberTests"/>
      </group> <!-- cucumber -->
    </groups>
    <test started-at="2024-06-02T12:55:17 IST" name="Default test" finished-at="2024-06-02T12:56:29 IST" duration-ms="72841">
      <class name="TestNGRunner.TestngRunner">
        <test-method is-config="true" signature="setUpClass(org.testng.ITestContext)[pri:0, instance:TestNGRunner.TestngRunner@7f3b84b8]" started-at="2024-06-02T12:55:17 IST" name="setUpClass" finished-at="2024-06-02T12:55:17 IST" duration-ms="788" status="PASS">
          <params>
            <param index="0">
              <value>
                <![CDATA[org.testng.TestRunner@59636c47]]>
              </value>
            </param>
          </params>
          <reporter-output>
          </reporter-output>
        </test-method> <!-- setUpClass -->
        <test-method signature="runScenario(io.cucumber.testng.PickleWrapper,io.cucumber.testng.FeatureWrapper)[pri:0, instance:TestNGRunner.TestngRunner@7f3b84b8]" started-at="2024-06-02T12:55:17 IST" name="runScenario" description="Runs Cucumber Scenarios" data-provider="scenarios" finished-at="2024-06-02T12:55:32 IST" duration-ms="14664" status="PASS">
          <params>
            <param index="0">
              <value>
                <![CDATA["Validate searching with an existing product name"]]>
              </value>
            </param>
            <param index="1">
              <value>
                <![CDATA["Optional[Searching the product]"]]>
              </value>
            </param>
          </params>
          <reporter-output>
          </reporter-output>
        </test-method> <!-- runScenario -->
        <test-method signature="runScenario(io.cucumber.testng.PickleWrapper,io.cucumber.testng.FeatureWrapper)[pri:0, instance:TestNGRunner.TestngRunner@7f3b84b8]" started-at="2024-06-02T12:55:32 IST" name="runScenario" description="Runs Cucumber Scenarios" data-provider="scenarios" finished-at="2024-06-02T12:55:45 IST" duration-ms="12547" status="PASS">
          <params>
            <param index="0">
              <value>
                <![CDATA["Validate searching with an non existing product name"]]>
              </value>
            </param>
            <param index="1">
              <value>
                <![CDATA["Optional[Searching the product]"]]>
              </value>
            </param>
          </params>
          <reporter-output>
          </reporter-output>
        </test-method> <!-- runScenario -->
        <test-method signature="runScenario(io.cucumber.testng.PickleWrapper,io.cucumber.testng.FeatureWrapper)[pri:0, instance:TestNGRunner.TestngRunner@7f3b84b8]" started-at="2024-06-02T12:55:45 IST" name="runScenario" description="Runs Cucumber Scenarios" data-provider="scenarios" finished-at="2024-06-02T12:56:01 IST" duration-ms="16801" status="PASS">
          <params>
            <param index="0">
              <value>
                <![CDATA["validate search by selecting catagory of the product"]]>
              </value>
            </param>
            <param index="1">
              <value>
                <![CDATA["Optional[Searching the product]"]]>
              </value>
            </param>
          </params>
          <reporter-output>
          </reporter-output>
        </test-method> <!-- runScenario -->
        <test-method signature="runScenario(io.cucumber.testng.PickleWrapper,io.cucumber.testng.FeatureWrapper)[pri:0, instance:TestNGRunner.TestngRunner@7f3b84b8]" started-at="2024-06-02T12:56:01 IST" name="runScenario" description="Runs Cucumber Scenarios" data-provider="scenarios" finished-at="2024-06-02T12:56:28 IST" duration-ms="26983" status="PASS">
          <params>
            <param index="0">
              <value>
                <![CDATA["Validate navigating to product compare page from search results page"]]>
              </value>
            </param>
            <param index="1">
              <value>
                <![CDATA["Optional[Searching the product]"]]>
              </value>
            </param>
          </params>
          <reporter-output>
          </reporter-output>
        </test-method> <!-- runScenario -->
        <test-method is-config="true" signature="tearDownClass()[pri:0, instance:TestNGRunner.TestngRunner@7f3b84b8]" started-at="2024-06-02T12:56:28 IST" name="tearDownClass" finished-at="2024-06-02T12:56:29 IST" duration-ms="984" status="PASS">
          <reporter-output>
          </reporter-output>
        </test-method> <!-- tearDownClass -->
      </class> <!-- TestNGRunner.TestngRunner -->
    </test> <!-- Default test -->
  </suite> <!-- Default suite -->
</testng-results>
